  cis6spring2017AayushHw1Ex1.c
c:\users\user\documents\visual studio 2015\projects\cis6spring2017aayushhw1ex1.c\cis6spring2017aayushhw1ex1.c\cis6spring2017aayushhw1ex1.c(3): error C2143: syntax error: missing ')' before '!'
c:\users\user\documents\visual studio 2015\projects\cis6spring2017aayushhw1ex1.c\cis6spring2017aayushhw1ex1.c\cis6spring2017aayushhw1ex1.c(3): error C2017: illegal escape sequence
c:\users\user\documents\visual studio 2015\projects\cis6spring2017aayushhw1ex1.c\cis6spring2017aayushhw1ex1.c\cis6spring2017aayushhw1ex1.c(3): error C2059: syntax error: ')'
