  cis6hw3.c
c:\users\user\documents\cis^6\practise\practise\cis6hw3.c(29): warning C4013: 'printclassInfo' undefined; assuming extern returning int
c:\users\user\documents\cis^6\practise\practise\cis6hw3.c(16): warning C4778: 'printf' : unterminated format string '%\n'
c:\users\user\documents\cis^6\practise\practise\cis6hw3.c(17): warning C4778: 'printf' : unterminated format string '%\n'
c:\users\user\documents\cis^6\practise\practise\cis6hw3.c(18): warning C4778: 'printf' : unterminated format string '%\n'
c:\users\user\documents\cis^6\practise\practise\cis6hw3.c(23): warning C4778: 'printf' : unterminated format string '%\n'
c:\users\user\documents\cis^6\practise\practise\cis6hw3.c(24): warning C4778: 'printf' : unterminated format string '%\n'
c:\users\user\documents\cis^6\practise\practise\cis6hw3.c(25): warning C4476: 'printf' : unknown type field character '\n' in format specifier
c:\users\user\documents\cis^6\practise\practise\cis6hw3.c(26): warning C4778: 'printf' : unterminated format string '%\n'
c:\users\user\documents\cis^6\practise\practise\cis6hw3.c(27): warning C4778: 'printf' : unterminated format string '%\n'
c:\users\user\documents\cis^6\practise\practise\cis6hw3.c(49): error C2065: 'inputValue': undeclared identifier
c:\users\user\documents\cis^6\practise\practise\cis6hw3.c(50): error C2065: 'inputValue': undeclared identifier
c:\users\user\documents\cis^6\practise\practise\cis6hw3.c(49): error C4996: 'scanf': This function or variable may be unsafe. Consider using scanf_s instead. To disable deprecation, use _CRT_SECURE_NO_WARNINGS. See online help for details.
  c:\program files (x86)\windows kits\10\include\10.0.10240.0\ucrt\stdio.h(1270): note: see declaration of 'scanf'
c:\users\user\documents\cis^6\practise\practise\cis6hw3.c(50): warning C4477: 'printf' : format string '%d' requires an argument of type 'int', but variadic argument 1 has type 'int *'
c:\users\user\documents\cis^6\practise\practise\cis6hw3.c(50): warning C4473: 'printf' : not enough arguments passed for format string
  c:\users\user\documents\cis^6\practise\practise\cis6hw3.c(50): note: placeholders and their parameters expect 2 variadic arguments, but 1 were provided
  c:\users\user\documents\cis^6\practise\practise\cis6hw3.c(50): note: the missing variadic argument 2 is required by format string '%d'
c:\users\user\documents\cis^6\practise\practise\cis6hw3.c(67): error C2059: syntax error: ')'
c:\users\user\documents\cis^6\practise\practise\cis6hw3.c(64): warning C4473: 'scanf' : not enough arguments passed for format string
  c:\users\user\documents\cis^6\practise\practise\cis6hw3.c(64): note: placeholders and their parameters expect 1 variadic arguments, but 0 were provided
  c:\users\user\documents\cis^6\practise\practise\cis6hw3.c(64): note: the missing variadic argument 1 is required by format string '%d'
c:\users\user\documents\cis^6\practise\practise\cis6hw3.c(64): error C4996: 'scanf': This function or variable may be unsafe. Consider using scanf_s instead. To disable deprecation, use _CRT_SECURE_NO_WARNINGS. See online help for details.
  c:\program files (x86)\windows kits\10\include\10.0.10240.0\ucrt\stdio.h(1270): note: see declaration of 'scanf'
c:\users\user\documents\cis^6\practise\practise\cis6hw3.c(66): error C4996: 'scanf': This function or variable may be unsafe. Consider using scanf_s instead. To disable deprecation, use _CRT_SECURE_NO_WARNINGS. See online help for details.
  c:\program files (x86)\windows kits\10\include\10.0.10240.0\ucrt\stdio.h(1270): note: see declaration of 'scanf'
